<?xml version="1.0" encoding="UTF-8"?>
<testsuite name="FirstGradle.LibraryTest" tests="1" skipped="0" failures="0" errors="0" timestamp="2022-09-14T10:09:49" hostname="venkat-zstk271" time="0.018">
  <properties/>
  <testcase name="someLibraryMethodReturnsTrue()" classname="FirstGradle.LibraryTest" time="0.018"/>
  <system-out><![CDATA[]]></system-out>
  <system-err><![CDATA[]]></system-err>
</testsuite>
